<?xml version="1.0" encoding="UTF-8"?>
<testsuite xmlns:xsi="http://www.w3.org/2001/XMLSchema-instance" xsi:noNamespaceSchemaLocation="https://maven.apache.org/surefire/maven-surefire-plugin/xsd/surefire-test-report-3.0.xsd" version="3.0" name="com.example.FitnessCalculatorTest" time="0.029" tests="6" errors="0" skipped="0" failures="0">
  <properties>
    <property name="java.specification.version" value="22"/>
    <property name="sun.cpu.isalist" value="amd64"/>
    <property name="sun.jnu.encoding" value="Cp1252"/>
    <property name="java.class.path" value="C:\Users\Nate\BroncoFit\testProgram\target\test-classes;C:\Users\Nate\BroncoFit\testProgram\target\classes;C:\Users\Nate\.m2\repository\junit\junit\4.12\junit-4.12.jar;C:\Users\Nate\.m2\repository\org\hamcrest\hamcrest-core\1.3\hamcrest-core-1.3.jar;"/>
    <property name="java.vm.vendor" value="Oracle Corporation"/>
    <property name="sun.arch.data.model" value="64"/>
    <property name="user.variant" value=""/>
    <property name="java.vendor.url" value="https://java.oracle.com/"/>
    <property name="user.timezone" value="America/Los_Angeles"/>
    <property name="os.name" value="Windows 11"/>
    <property name="java.vm.specification.version" value="22"/>
    <property name="user.country" value="US"/>
    <property name="sun.java.launcher" value="SUN_STANDARD"/>
    <property name="sun.boot.library.path" value="C:\Users\Nate\Downloads\Oracle_JDK-22\bin"/>
    <property name="sun.java.command" value="C:\Users\Nate\AppData\Local\Temp\surefire11773608519638429109\surefirebooter-20251007173234405_3.jar C:\Users\Nate\AppData\Local\Temp\surefire11773608519638429109 2025-10-07T17-32-33_767-jvmRun1 surefire-20251007173234405_1tmp surefire_0-20251007173234405_2tmp"/>
    <property name="jdk.debug" value="release"/>
    <property name="test" value="com.example.FitnessCalculatorTest"/>
    <property name="surefire.test.class.path" value="C:\Users\Nate\BroncoFit\testProgram\target\test-classes;C:\Users\Nate\BroncoFit\testProgram\target\classes;C:\Users\Nate\.m2\repository\junit\junit\4.12\junit-4.12.jar;C:\Users\Nate\.m2\repository\org\hamcrest\hamcrest-core\1.3\hamcrest-core-1.3.jar;"/>
    <property name="sun.cpu.endian" value="little"/>
    <property name="user.home" value="C:\Users\Nate"/>
    <property name="user.language" value="en"/>
    <property name="java.specification.vendor" value="Oracle Corporation"/>
    <property name="java.version.date" value="2024-07-16"/>
    <property name="java.home" value="C:\Users\Nate\Downloads\Oracle_JDK-22"/>
    <property name="file.separator" value="\"/>
    <property name="basedir" value="C:\Users\Nate\BroncoFit\testProgram"/>
    <property name="java.vm.compressedOopsMode" value="Zero based"/>
    <property name="line.separator" value="&#10;"/>
    <property name="java.vm.specification.vendor" value="Oracle Corporation"/>
    <property name="java.specification.name" value="Java Platform API Specification"/>
    <property name="surefire.real.class.path" value="C:\Users\Nate\AppData\Local\Temp\surefire11773608519638429109\surefirebooter-20251007173234405_3.jar"/>
    <property name="user.script" value=""/>
    <property name="sun.management.compiler" value="HotSpot 64-Bit Tiered Compilers"/>
    <property name="java.runtime.version" value="22.0.2+9-70"/>
    <property name="user.name" value="Nate"/>
    <property name="stdout.encoding" value="Cp1252"/>
    <property name="path.separator" value=";"/>
    <property name="os.version" value="10.0"/>
    <property name="java.runtime.name" value="Java(TM) SE Runtime Environment"/>
    <property name="file.encoding" value="UTF-8"/>
    <property name="java.vm.name" value="Java HotSpot(TM) 64-Bit Server VM"/>
    <property name="maven.ext.class.path" value="C:\Users\Nate\.vscode\extensions\oracle.oracle-java-24.1.2\nbcode\java\maven-nblib\netbeans-eventspy.jar"/>
    <property name="localRepository" value="C:\Users\Nate\.m2\repository"/>
    <property name="java.vendor.url.bug" value="https://bugreport.java.com/bugreport/"/>
    <property name="java.io.tmpdir" value="C:\Users\Nate\AppData\Local\Temp\"/>
    <property name="java.version" value="22.0.2"/>
    <property name="user.dir" value="C:\Users\Nate\BroncoFit\testProgram"/>
    <property name="os.arch" value="amd64"/>
    <property name="java.vm.specification.name" value="Java Virtual Machine Specification"/>
    <property name="sun.os.patch.level" value=""/>
    <property name="native.encoding" value="Cp1252"/>
    <property name="java.library.path" value="C:\Users\Nate\Downloads\Oracle_JDK-22\bin;C:\WINDOWS\Sun\Java\bin;C:\WINDOWS\system32;C:\WINDOWS;C:\ProgramData\Oracle\Java\javapath;C:\Program Files\Common Files\Oracle\Java\javapath;C:\Program Files (x86)\Common Files\Oracle\Java\java8path;C:\Program Files (x86)\Common Files\Oracle\Java\javapath;C:\WINDOWS\system32;C:\WINDOWS;C:\WINDOWS\System32\Wbem;C:\WINDOWS\System32\WindowsPowerShell\v1.0\;C:\WINDOWS\System32\OpenSSH\;C:\Program Files (x86)\NVIDIA Corporation\PhysX\Common;C:\Program Files\Java\jdk-22\bin;C:\Program Files\Calibre2\;C:\Program Files\Git\cmd;C:\Program Files\NVIDIA Corporation\NVIDIA App\NvDLISR;C:\Users\Nate\AppData\Local\Microsoft\WindowsApps;C:\Users\Nate\AppData\Local\Programs\Microsoft VS Code\bin;C:\Users\Nate\AppData\Local\GitHubDesktop\bin;C:\Users\Nate\AppData\Local\spicetify;."/>
    <property name="java.vm.info" value="mixed mode, sharing"/>
    <property name="stderr.encoding" value="Cp1252"/>
    <property name="java.vendor" value="Oracle Corporation"/>
    <property name="java.vm.version" value="22.0.2+9-70"/>
    <property name="sun.io.unicode.encoding" value="UnicodeLittle"/>
    <property name="java.class.version" value="66.0"/>
  </properties>
  <testcase name="testCalculateBMI_InvalidHeight" classname="com.example.FitnessCalculatorTest" time="0.002"/>
  <testcase name="testClassifyBMI_Obese" classname="com.example.FitnessCalculatorTest" time="0.0"/>
  <testcase name="testClassifyBMI_Underweight" classname="com.example.FitnessCalculatorTest" time="0.0"/>
  <testcase name="testClassifyBMI_Overweight" classname="com.example.FitnessCalculatorTest" time="0.0"/>
  <testcase name="testCalculateBMI_NormalValues" classname="com.example.FitnessCalculatorTest" time="0.0"/>
  <testcase name="testClassifyBMI_NormalWeight" classname="com.example.FitnessCalculatorTest" time="0.0"/>
</testsuite>